PARSED ERRORS LOG
=================
[index=1] title='Night Watch 48' :: budget manquant; budget invalide: -1.0
[index=3] title='Deadly Game 38' :: budget manquant; budget invalide: -1.0
[index=4] title='Cyber Reality 56' :: budget manquant; year invalide: 2028; budget invalide: -1.0
[index=5] title='Happy Accidents 20' :: budget manquant; budget invalide: -1.0
[index=7] title='Silent Killer 28' :: budget manquant; budget invalide: -1.0
[index=8] title='Broken Dreams 86' :: runtime invalide: 0
[index=10] title='Silent Killer 28' :: budget manquant; budget invalide: -1.0
[index=12] title='Dark Secrets 60' :: budget manquant; budget invalide: -1.0
[index=13] title='The Last Hope 15' :: budget manquant; budget invalide: -1.0
[index=14] title='The Journey Home 96' :: budget manquant; budget invalide: -1.0
[index=16] title='Quantum Leap 40' :: revenue manquant; revenue invalide: -1.0
[index=17] title='The Hunter 54' :: revenue manquant; revenue invalide: -1.0
[index=18] title='Quantum Leap 40' :: revenue manquant; revenue invalide: -1.0
[index=21] title='Silent Killer 30' :: revenue manquant; revenue invalide: -1.0
[index=25] title='Cyber Reality 36' :: revenue manquant; budget manquant; revenue invalide: -1.0; budget invalide: -1.0
[index=27] title='Future World 82' :: revenue manquant; revenue invalide: -1.0
[index=28] title='Office Madness 54' :: director manquant ou vide; budget manquant; director vide; budget invalide: -1.0
[index=29] title='The Journey Home 6' :: budget manquant; budget invalide: -1.0
[index=30] title='Eternal Light 15' :: rating invalide: 10.534631788310374
[index=34] title='Time Traveler 100' :: revenue manquant; revenue invalide: -1.0
[index=35] title='Dark Justice 33' :: revenue manquant; budget manquant; revenue invalide: -1.0; budget invalide: -1.0
[index=36] title='Silent Tears 61' :: budget manquant; budget invalide: -1.0
[index=37] title='Broken Dreams 58' :: year invalide: 1821
[index=38] title='Silent Tears 79' :: year invalide: 1828
[index=39] title='Tomorrow's Promise 7' :: revenue manquant; revenue invalide: -1.0
[index=40] title='Lost Memories 98' :: rating invalide: 12.200698084480216
[index=41] title='Silent Killer 75' :: revenue manquant; revenue invalide: -1.0
[index=42] title='Laugh Out Loud 76' :: budget manquant; budget invalide: -1.0
[index=43] title='Dark Justice 53' :: revenue manquant; revenue invalide: -1.0
[index=44] title='Silent Tears 77' :: budget manquant; budget invalide: -1.0
[index=45] title='Star Voyager 52' :: year invalide: 1857
[index=47] title='Wedding Disaster 17' :: budget manquant; budget invalide: -1.0
[index=48] title='Dark Secrets 78' :: budget manquant; budget invalide: -1.0
[index=49] title='Mars Colony 47' :: revenue manquant; budget manquant; revenue invalide: -1.0; budget invalide: -1.0
[index=50] title='Final Mission 14' :: revenue manquant; budget manquant; revenue invalide: -1.0; budget invalide: -1.0
[index=52] title='Dark Secrets 60' :: budget manquant; budget invalide: -1.0
[index=53] title='Silent Killer 28' :: budget manquant; budget invalide: -1.0
[index=56] title='Dark Secrets 17' :: revenue manquant; budget manquant; revenue invalide: -1.0; budget invalide: -1.0
[index=59] title='Tomorrow's Promise 7' :: revenue manquant; year invalide: 2034; revenue invalide: -1.0
[index=60] title='Laugh Out Loud 81' :: budget manquant; budget invalide: -1.0
[index=61] title='Steel Fury 64' :: revenue manquant; revenue invalide: -1.0
[index=67] title='Office Madness 48' :: revenue manquant; revenue invalide: -1.0
[index=69] title='Thunder Strike 99' :: revenue manquant; budget manquant; rating invalide: 14.345040058755032; revenue invalide: -1.0; budget invalide: -1.0
[index=70] title='Dark Secrets 55' :: revenue manquant; genres vide; revenue invalide: -1.0
[index=71] title='' :: title manquant ou vide; title vide
[index=72] title='Shadow Warrior 12' :: rating invalide: -1.7657713340617227
[index=74] title='The Last Hope 94' :: director manquant ou vide; director vide
[index=75] title='Steel Fury 64' :: revenue manquant; revenue invalide: -1.0
[index=77] title='Dark Secrets 17' :: revenue manquant; budget manquant; revenue invalide: -1.0; budget invalide: -1.0
[index=79] title='Mars Colony 13' :: budget manquant; budget invalide: -1.0
[index=80] title='Cyber Reality 36' :: director manquant ou vide; revenue manquant; budget manquant; director vide; revenue invalide: -1.0; budget invalide: -1.0
[index=81] title='Steel Fury 64' :: revenue manquant; revenue invalide: -1.0
[index=82] title='Deadly Game 69' :: budget manquant; budget invalide: -1.0
[index=83] title='Final Mission 14' :: revenue manquant; budget manquant; revenue invalide: -1.0; budget invalide: -1.0
[index=84] title='Silent Tears 61' :: budget manquant; budget invalide: -1.0
[index=85] title='Office Madness 54' :: budget manquant; budget invalide: -1.0
[index=87] title='Lost Memories 98' :: rating invalide: -3.2157290212757443
[index=88] title='Time Traveler 100' :: revenue manquant; revenue invalide: -1.0
[index=90] title='' :: title manquant ou vide; revenue manquant; budget manquant; title vide; revenue invalide: -1.0; budget invalide: -1.0
[index=91] title='Silent Tears 61' :: budget manquant; budget invalide: -1.0
[index=92] title='' :: title manquant ou vide; title vide
[index=94] title='Night Watch 81' :: runtime invalide: 0
[index=97] title='Final Hour 18' :: budget manquant; budget invalide: -1.0
[index=98] title='Happy Accidents 70' :: budget manquant; rating invalide: -2.64742771145628; budget invalide: -1.0
[index=99] title='Thunder Strike 99' :: revenue manquant; budget manquant; revenue invalide: -1.0; budget invalide: -1.0
[index=100] title='Final Mission 7' :: revenue manquant; budget manquant; revenue invalide: -1.0; budget invalide: -1.0
[index=102] title='Night Watch 48' :: budget manquant; genres vide; budget invalide: -1.0
[index=105] title='Laugh Out Loud 76' :: budget manquant; budget invalide: -1.0
[index=106] title='Dark Secrets 16' :: revenue manquant; budget manquant; revenue invalide: -1.0; budget invalide: -1.0
[index=108] title='Dark Secrets 100' :: budget manquant; budget invalide: -1.0
[index=109] title='The Hunter 54' :: revenue manquant; revenue invalide: -1.0
[index=111] title='Laugh Out Loud 76' :: budget manquant; budget invalide: -1.0
[index=113] title='The Hunter 54' :: revenue manquant; revenue invalide: -1.0
[index=115] title='Dark Secrets 100' :: budget manquant; budget invalide: -1.0
[index=116] title='Future World 82' :: revenue manquant; revenue invalide: -1.0
[index=117] title='Broken Dreams 94' :: revenue manquant; revenue invalide: -1.0
[index=118] title='Hidden Truth 71' :: budget manquant; rating invalide: 14.538270139029258; budget invalide: -1.0
[index=121] title='Office Madness 48' :: revenue manquant; revenue invalide: -1.0
[index=123] title='Quantum Leap 9' :: budget manquant; budget invalide: -1.0
[index=125] title='Dark Justice 55' :: budget manquant; year invalide: 1879; budget invalide: -1.0
[index=126] title='Silent Tears 77' :: budget manquant; budget invalide: -1.0
[index=127] title='Quantum Leap 40' :: revenue manquant; revenue invalide: -1.0
[index=128] title='Cyber Reality 56' :: budget manquant; budget invalide: -1.0
[index=129] title='Night Watch 48' :: budget manquant; budget invalide: -1.0
[index=130] title='Deadly Game 69' :: budget manquant; budget invalide: -1.0
[index=133] title='Mars Colony 13' :: budget manquant; budget invalide: -1.0
[index=134] title='Dark Secrets 78' :: budget manquant; budget invalide: -1.0
[index=136] title='Final Mission 14' :: revenue manquant; budget manquant; revenue invalide: -1.0; budget invalide: -1.0
[index=137] title='Mars Colony 94' :: runtime invalide: 0
[index=138] title='The Funny Guy 19' :: budget manquant; budget invalide: -1.0
[index=139] title='Mars Colony 47' :: revenue manquant; budget manquant; revenue invalide: -1.0; budget invalide: -1.0
[index=143] title='Future World 52' :: revenue manquant; budget manquant; revenue invalide: -1.0; budget invalide: -1.0
[index=144] title='Lost Memories 76' :: budget manquant; budget invalide: -1.0
[index=146] title='Love & Chaos 11' :: revenue manquant; revenue invalide: -1.0
[index=148] title='Hidden Truth 95' :: budget manquant; year invalide: 2049; budget invalide: -1.0
[index=149] title='Final Hour 12' :: rating invalide: 13.560105462612578
[index=150] title='Happy Accidents 20' :: budget manquant; budget invalide: -1.0
[index=153] title='Final Mission 7' :: revenue manquant; budget manquant; revenue invalide: -1.0; budget invalide: -1.0
[index=154] title='Dark Justice 55' :: budget manquant; budget invalide: -1.0
[index=155] title='Future World 52' :: revenue manquant; budget manquant; revenue invalide: -1.0; budget invalide: -1.0
[index=157] title='Lost Memories 76' :: budget manquant; budget invalide: -1.0
[index=158] title='Time Traveler 73' :: revenue manquant; revenue invalide: -1.0
[index=162] title='Quantum Leap 40' :: revenue manquant; revenue invalide: -1.0
[index=164] title='' :: title manquant ou vide; revenue manquant; title vide; revenue invalide: -1.0
[index=165] title='The Hunter 54' :: revenue manquant; revenue invalide: -1.0
[index=167] title='' :: title manquant ou vide; revenue manquant; budget manquant; title vide; revenue invalide: -1.0; budget invalide: -1.0
[index=168] title='The Journey Home 6' :: budget manquant; budget invalide: -1.0
[index=169] title='Lost Memories 76' :: budget manquant; budget invalide: -1.0
[index=170] title='Dark Secrets 55' :: revenue manquant; revenue invalide: -1.0
[index=172] title='Mars Colony 20' :: year invalide: 2032
[index=174] title='Future World 47' :: rating invalide: 13.488304079728646
[index=175] title='The Journey Home 6' :: budget manquant; budget invalide: -1.0
[index=176] title='Dark Justice 33' :: revenue manquant; budget manquant; revenue invalide: -1.0; budget invalide: -1.0
[index=177] title='Iron Vengeance 22' :: revenue manquant; budget manquant; revenue invalide: -1.0; budget invalide: -1.0
[index=178] title='Dark Justice 55' :: budget manquant; budget invalide: -1.0
[index=180] title='Time Traveler 100' :: revenue manquant; revenue invalide: -1.0
[index=181] title='Mars Colony 13' :: budget manquant; year invalide: 2035; budget invalide: -1.0
[index=182] title='Iron Vengeance 68' :: genres vide
[index=183] title='Final Hour 18' :: budget manquant; runtime invalide: 0; budget invalide: -1.0
[index=187] title='Time Traveler 73' :: revenue manquant; revenue invalide: -1.0
[index=188] title='Love & Chaos 11' :: revenue manquant; revenue invalide: -1.0
[index=190] title='Dark Justice 55' :: budget manquant; budget invalide: -1.0
[index=191] title='Broken Dreams 86' :: budget manquant; budget invalide: -1.0
[index=193] title='The Funny Guy 19' :: budget manquant; budget invalide: -1.0
[index=196] title='The Last Hope 15' :: budget manquant; budget invalide: -1.0
[index=197] title='Future World 47' :: runtime invalide: -116
[index=199] title='Office Madness 78' :: genres vide
[index=200] title='Iron Vengeance 22' :: revenue manquant; budget manquant; revenue invalide: -1.0; budget invalide: -1.0
[index=201] title='Hidden Truth 71' :: budget manquant; runtime invalide: -155; budget invalide: -1.0
[index=202] title='Silent Killer 13' :: rating invalide: 10.70329662584436
[index=203] title='Cyber Reality 34' :: year invalide: 1882
[index=204] title='Office Madness 48' :: revenue manquant; budget manquant; revenue invalide: -1.0; budget invalide: -1.0
[index=205] title='The Funny Guy 19' :: budget manquant; budget invalide: -1.0
[index=206] title='Steel Fury 71' :: genres vide
[index=207] title='Love & Chaos 11' :: revenue manquant; revenue invalide: -1.0
[index=208] title='Future World 82' :: director manquant ou vide; revenue manquant; director vide; revenue invalide: -1.0
[index=210] title='The Journey Home 6' :: budget manquant; budget invalide: -1.0
[index=212] title='The Journey Home 96' :: budget manquant; budget invalide: -1.0
[index=215] title='Dark Justice 33' :: revenue manquant; budget manquant; revenue invalide: -1.0; budget invalide: -1.0
[index=216] title='Eternal Light 15' :: budget manquant; budget invalide: -1.0
[index=217] title='Cyber Hunt 29' :: revenue manquant; revenue invalide: -1.0
[index=218] title='Time Traveler 54' :: revenue manquant; budget manquant; revenue invalide: -1.0; budget invalide: -1.0
[index=219] title='Lost Memories 45' :: revenue manquant; budget manquant; revenue invalide: -1.0; budget invalide: -1.0
[index=221] title='Dark Justice 43' :: rating invalide: 12.411772966831036
[index=222] title='Dark Secrets 16' :: revenue manquant; budget manquant; revenue invalide: -1.0; budget invalide: -1.0
[index=224] title='Hidden Truth 71' :: budget manquant; budget invalide: -1.0
[index=225] title='Laugh Out Loud 81' :: budget manquant; budget invalide: -1.0
[index=227] title='Broken Dreams 94' :: revenue manquant; revenue invalide: -1.0
[index=228] title='Dark Justice 35' :: budget manquant; budget invalide: -1.0
[index=230] title='Tomorrow's Promise 7' :: revenue manquant; revenue invalide: -1.0
[index=231] title='Office Madness 54' :: budget manquant; budget invalide: -1.0
[index=232] title='Future World 82' :: revenue manquant; revenue invalide: -1.0
[index=234] title='Cyber Reality 56' :: budget manquant; budget invalide: -1.0
[index=235] title='Time Traveler 54' :: revenue manquant; budget manquant; revenue invalide: -1.0; budget invalide: -1.0
[index=237] title='Future World 52' :: revenue manquant; budget manquant; revenue invalide: -1.0; budget invalide: -1.0
[index=238] title='Night Watch 26' :: budget manquant; budget invalide: -1.0
[index=240] title='Quantum Leap 9' :: budget manquant; budget invalide: -1.0
[index=241] title='The Last Hope 15' :: budget manquant; budget invalide: -1.0
[index=242] title='Final Hour 18' :: budget manquant; runtime invalide: 0; budget invalide: -1.0
[index=243] title='Hidden Truth 71' :: budget manquant; budget invalide: -1.0
[index=244] title='Hidden Truth 95' :: budget manquant; budget invalide: -1.0
[index=246] title='Deadly Game 69' :: budget manquant; rating invalide: 14.991627968835587; budget invalide: -1.0
[index=248] title='Cyber Reality 36' :: revenue manquant; budget manquant; revenue invalide: -1.0; budget invalide: -1.0
[index=249] title='Hidden Truth 95' :: budget manquant; budget invalide: -1.0
[index=251] title='The Last Hope 96' :: revenue manquant; revenue invalide: -1.0
[index=252] title='Love & Chaos 57' :: budget manquant; budget invalide: -1.0
[index=253] title='Dark Secrets 60' :: budget manquant; budget invalide: -1.0
[index=254] title='Laugh Out Loud 76' :: budget manquant; budget invalide: -1.0
[index=256] title='Time Traveler 73' :: revenue manquant; rating invalide: -4.5916110366479925; revenue invalide: -1.0
[index=258] title='Lost Memories 45' :: revenue manquant; budget manquant; revenue invalide: -1.0; budget invalide: -1.0
[index=259] title='Night Watch 26' :: budget manquant; budget invalide: -1.0
[index=260] title='Thunder Strike 99' :: revenue manquant; budget manquant; revenue invalide: -1.0; budget invalide: -1.0
[index=262] title='Final Mission 14' :: revenue manquant; budget manquant; revenue invalide: -1.0; budget invalide: -1.0
[index=264] title='Lost Memories 45' :: revenue manquant; budget manquant; genres vide; revenue invalide: -1.0; budget invalide: -1.0
[index=265] title='Happy Accidents 70' :: budget manquant; budget invalide: -1.0
[index=267] title='' :: title manquant ou vide; title vide
[index=268] title='Dark Secrets 55' :: revenue manquant; revenue invalide: -1.0
[index=273] title='Cyber Reality 56' :: budget manquant; budget invalide: -1.0
[index=274] title='Quantum Leap 9' :: budget manquant; genres vide; budget invalide: -1.0
[index=275] title='Broken Dreams 94' :: revenue manquant; runtime invalide: -110; revenue invalide: -1.0
[index=276] title='Love & Chaos 57' :: budget manquant; budget invalide: -1.0
[index=278] title='Dark Secrets 55' :: revenue manquant; rating invalide: 11.1775192657676; revenue invalide: -1.0
[index=279] title='The Last Hope 71' :: revenue manquant; budget manquant; revenue invalide: -1.0; budget invalide: -1.0
[index=281] title='Final Mission 14' :: revenue manquant; budget manquant; revenue invalide: -1.0; budget invalide: -1.0
[index=282] title='Quantum Leap 9' :: budget manquant; budget invalide: -1.0
[index=283] title='Tomorrow's Promise 53' :: year invalide: 2037
[index=284] title='The Funny Guy 19' :: budget manquant; budget invalide: -1.0
[index=285] title='' :: title manquant ou vide; budget manquant; title vide; budget invalide: -1.0
[index=286] title='Night Watch 26' :: director manquant ou vide; budget manquant; director vide; budget invalide: -1.0
[index=287] title='Time Traveler 100' :: revenue manquant; revenue invalide: -1.0
[index=288] title='Night Watch 26' :: budget manquant; rating invalide: -2.346334063743399; budget invalide: -1.0
[index=289] title='Cyber Hunt 29' :: revenue manquant; revenue invalide: -1.0
[index=290] title='Laugh Out Loud 81' :: budget manquant; budget invalide: -1.0
[index=292] title='Dark Secrets 78' :: budget manquant; budget invalide: -1.0
[index=294] title='Eternal Light 15' :: director manquant ou vide; director vide
[index=295] title='Happy Accidents 70' :: budget manquant; budget invalide: -1.0
[index=296] title='Office Madness 48' :: revenue manquant; budget manquant; revenue invalide: -1.0; budget invalide: -1.0
[index=299] title='Dark Secrets 17' :: revenue manquant; budget manquant; revenue invalide: -1.0; budget invalide: -1.0
[index=301] title='The Last Hope 71' :: revenue manquant; budget manquant; revenue invalide: -1.0; budget invalide: -1.0
[index=302] title='Wedding Disaster 17' :: budget manquant; budget invalide: -1.0
[index=304] title='Dark Secrets 78' :: budget manquant; budget invalide: -1.0
[index=305] title='Steel Fury 64' :: revenue manquant; revenue invalide: -1.0
[index=306] title='Lost Memories 84' :: revenue manquant; revenue invalide: -1.0
[index=308] title='Laugh Out Loud 76' :: budget manquant; budget invalide: -1.0
[index=310] title='Deadly Game 69' :: revenue manquant; budget manquant; revenue invalide: -1.0; budget invalide: -1.0
[index=311] title='Future World 52' :: revenue manquant; budget manquant; revenue invalide: -1.0; budget invalide: -1.0
[index=312] title='Office Madness 54' :: budget manquant; budget invalide: -1.0
[index=315] title='Time Traveler 54' :: revenue manquant; budget manquant; revenue invalide: -1.0; budget invalide: -1.0
[index=316] title='Time Traveler 54' :: revenue manquant; budget manquant; revenue invalide: -1.0; budget invalide: -1.0
[index=317] title='Final Mission 7' :: revenue manquant; budget manquant; revenue invalide: -1.0; budget invalide: -1.0
[index=318] title='Final Mission 1' :: revenue manquant; revenue invalide: -1.0
[index=319] title='Dark Justice 53' :: revenue manquant; revenue invalide: -1.0
[index=320] title='Final Hour 18' :: budget manquant; budget invalide: -1.0
[index=321] title='Love & Chaos 11' :: revenue manquant; revenue invalide: -1.0
[index=322] title='Future World 47' :: budget manquant; budget invalide: -1.0
[index=324] title='Office Madness 75' :: rating invalide: -4.8064558968804745
[index=325] title='Mars Colony 13' :: budget manquant; budget invalide: -1.0
[index=326] title='Love & Chaos 57' :: budget manquant; budget invalide: -1.0
[index=327] title='Iron Vengeance 22' :: revenue manquant; budget manquant; year invalide: 1848; revenue invalide: -1.0; budget invalide: -1.0
[index=328] title='Happy Accidents 20' :: budget manquant; budget invalide: -1.0
[index=329] title='Dark Justice 53' :: revenue manquant; revenue invalide: -1.0
[index=330] title='Dark Secrets 100' :: budget manquant; budget invalide: -1.0
[index=331] title='Deadly Game 38' :: budget manquant; budget invalide: -1.0
[index=332] title='Wedding Disaster 17' :: budget manquant; rating invalide: 13.484328482424388; budget invalide: -1.0
[index=333] title='Happy Accidents 20' :: budget manquant; budget invalide: -1.0
[index=334] title='Time Traveler 73' :: revenue manquant; revenue invalide: -1.0
[index=336] title='Silent Tears 61' :: budget manquant; rating invalide: -0.4719596942407467; budget invalide: -1.0
[index=338] title='Broken Dreams 94' :: revenue manquant; rating invalide: 14.407923777448055; revenue invalide: -1.0
[index=340] title='Lost Memories 45' :: revenue manquant; budget manquant; revenue invalide: -1.0; budget invalide: -1.0
[index=341] title='Thunder Strike 99' :: revenue manquant; budget manquant; revenue invalide: -1.0; budget invalide: -1.0
[index=342] title='The Last Hope 71' :: revenue manquant; budget manquant; revenue invalide: -1.0; budget invalide: -1.0
[index=344] title='Time Traveler 100' :: revenue manquant; rating invalide: 13.066434308945203; revenue invalide: -1.0
[index=345] title='The Last Hope 15' :: budget manquant; budget invalide: -1.0
[index=346] title='Tomorrow's Promise 7' :: revenue manquant; revenue invalide: -1.0
[index=349] title='Silent Killer 28' :: budget manquant; year invalide: 1832; budget invalide: -1.0
[index=351] title='Steel Fury 64' :: revenue manquant; revenue invalide: -1.0
[index=352] title='Dark Justice 33' :: revenue manquant; budget manquant; revenue invalide: -1.0; budget invalide: -1.0
[index=353] title='The Journey Home 96' :: budget manquant; budget invalide: -1.0
[index=354] title='Future World 52' :: revenue manquant; budget manquant; revenue invalide: -1.0; budget invalide: -1.0
[index=355] title='Dark Justice 35' :: budget manquant; budget invalide: -1.0
[index=357] title='Laugh Out Loud 81' :: budget manquant; budget invalide: -1.0
[index=358] title='Office Madness 78' :: director manquant ou vide; director vide
[index=359] title='Hidden Truth 95' :: budget manquant; budget invalide: -1.0
[index=360] title='Broken Dreams 94' :: revenue manquant; revenue invalide: -1.0
[index=361] title='Laugh Out Loud 81' :: budget manquant; budget invalide: -1.0
[index=366] title='Time Traveler 54' :: revenue manquant; budget manquant; revenue invalide: -1.0; budget invalide: -1.0
[index=368] title='Silent Tears 61' :: budget manquant; budget invalide: -1.0
[index=369] title='The Last Hope 96' :: revenue manquant; revenue invalide: -1.0
[index=370] title='The Last Hope 15' :: budget manquant; budget invalide: -1.0
[index=371] title='Mars Colony 13' :: budget manquant; budget invalide: -1.0
[index=373] title='Cyber Hunt 29' :: revenue manquant; revenue invalide: -1.0
[index=374] title='Lost Memories 98' :: genres vide
[index=378] title='Dark Secrets 16' :: revenue manquant; budget manquant; revenue invalide: -1.0; budget invalide: -1.0
[index=383] title='Quantum Leap 9' :: budget manquant; budget invalide: -1.0
[index=384] title='The Last Hope 96' :: revenue manquant; revenue invalide: -1.0
[index=386] title='Deadly Game 38' :: budget manquant; budget invalide: -1.0
[index=388] title='Cyber Reality 36' :: revenue manquant; budget manquant; revenue invalide: -1.0; budget invalide: -1.0
[index=390] title='Dark Justice 35' :: budget manquant; budget invalide: -1.0
[index=392] title='Hidden Truth 71' :: budget manquant; budget invalide: -1.0
[index=393] title='Silent Killer 75' :: revenue manquant; revenue invalide: -1.0
[index=394] title='Wedding Disaster 17' :: budget manquant; budget invalide: -1.0
[index=395] title='Dark Secrets 16' :: revenue manquant; budget manquant; revenue invalide: -1.0; budget invalide: -1.0
[index=396] title='The Last Hope 96' :: revenue manquant; revenue invalide: -1.0
[index=397] title='Silent Tears 77' :: budget manquant; budget invalide: -1.0
[index=398] title='Silent Tears 77' :: budget manquant; rating invalide: -3.968257256950583; budget invalide: -1.0
[index=399] title='Lost Memories 45' :: director manquant ou vide; revenue manquant; budget manquant; director vide; revenue invalide: -1.0; budget invalide: -1.0
[index=401] title='Lost Memories 76' :: budget manquant; budget invalide: -1.0
[index=404] title='The Funny Guy 19' :: budget manquant; budget invalide: -1.0
[index=405] title='Time Traveler 73' :: revenue manquant; year invalide: 1807; revenue invalide: -1.0
[index=406] title='Night Watch 26' :: budget manquant; budget invalide: -1.0
[index=408] title='Deadly Game 38' :: budget manquant; budget invalide: -1.0
[index=409] title='Silent Killer 75' :: revenue manquant; revenue invalide: -1.0
[index=410] title='Quantum Leap 40' :: revenue manquant; revenue invalide: -1.0
[index=413] title='Lost Memories 76' :: budget manquant; budget invalide: -1.0
[index=414] title='The Last Hope 94' :: year invalide: 1852
[index=416] title='Deadly Game 69' :: budget manquant; budget invalide: -1.0
[index=417] title='Mars Colony 47' :: revenue manquant; budget manquant; revenue invalide: -1.0; budget invalide: -1.0
[index=418] title='Iron Vengeance 22' :: revenue manquant; budget manquant; revenue invalide: -1.0; budget invalide: -1.0
[index=420] title='Dark Secrets 17' :: revenue manquant; budget manquant; revenue invalide: -1.0; budget invalide: -1.0
[index=421] title='Hidden Truth 95' :: budget manquant; budget invalide: -1.0
[index=423] title='Dark Secrets 60' :: budget manquant; budget invalide: -1.0
[index=424] title='Tomorrow's Promise 82' :: revenue manquant; revenue invalide: -1.0
[index=425] title='Night Watch 37' :: year invalide: 1846
[index=427] title='Office Madness 75' :: rating invalide: -1.8059108644846376
[index=428] title='Silent Tears 77' :: budget manquant; budget invalide: -1.0
[index=429] title='Dark Justice 33' :: revenue manquant; budget manquant; revenue invalide: -1.0; budget invalide: -1.0
[index=433] title='Night Watch 48' :: budget manquant; budget invalide: -1.0
[index=434] title='Dark Secrets 16' :: revenue manquant; budget manquant; revenue invalide: -1.0; budget invalide: -1.0
[index=435] title='Dark Justice 55' :: budget manquant; budget invalide: -1.0
[index=436] title='Love & Chaos 57' :: budget manquant; year invalide: 2026; budget invalide: -1.0
[index=437] title='Silent Killer 30' :: runtime invalide: 0
[index=438] title='Dark Justice 35' :: budget manquant; budget invalide: -1.0
[index=439] title='Office Madness 2' :: rating invalide: 12.640885754368576
[index=440] title='Cyber Hunt 29' :: revenue manquant; revenue invalide: -1.0
[index=441] title='Dark Secrets 100' :: budget manquant; budget invalide: -1.0
[index=442] title='Dark Justice 35' :: budget manquant; budget invalide: -1.0
[index=443] title='Dark Justice 53' :: revenue manquant; revenue invalide: -1.0
[index=444] title='Cyber Reality 56' :: budget manquant; budget invalide: -1.0
[index=447] title='The Journey Home 96' :: budget manquant; year invalide: 1805; budget invalide: -1.0
[index=448] title='Dark Secrets 74' :: budget manquant; budget invalide: -1.0
[index=449] title='' :: title manquant ou vide; title vide
[index=450] title='Office Madness 48' :: revenue manquant; rating invalide: 12.509995598675715; revenue invalide: -1.0
[index=451] title='Love & Chaos 57' :: budget manquant; budget invalide: -1.0
[index=452] title='Lost Memories 84' :: revenue manquant; revenue invalide: -1.0
[index=453] title='Love & Chaos 11' :: revenue manquant; revenue invalide: -1.0
[index=455] title='Cyber Reality 36' :: revenue manquant; budget manquant; revenue invalide: -1.0; budget invalide: -1.0
[index=457] title='Silent Killer 75' :: revenue manquant; revenue invalide: -1.0
[index=458] title='Silent Killer 75' :: revenue manquant; budget manquant; revenue invalide: -1.0; budget invalide: -1.0
[index=459] title='Tomorrow's Promise 7' :: revenue manquant; budget manquant; revenue invalide: -1.0; budget invalide: -1.0
[index=461] title='The Journey Home 6' :: budget manquant; budget invalide: -1.0
[index=462] title='Thunder Strike 99' :: revenue manquant; budget manquant; revenue invalide: -1.0; budget invalide: -1.0
[index=463] title='Happy Accidents 20' :: budget manquant; budget invalide: -1.0
[index=464] title='Steel Fury 71' :: budget manquant; budget invalide: -1.0
[index=467] title='Steel Fury 71' :: director manquant ou vide; director vide
[index=468] title='Dark Secrets 100' :: budget manquant; budget invalide: -1.0
[index=469] title='Dark Secrets 17' :: revenue manquant; budget manquant; revenue invalide: -1.0; budget invalide: -1.0
[index=471] title='Deadly Game 38' :: budget manquant; budget invalide: -1.0
[index=472] title='Final Hour 18' :: budget manquant; budget invalide: -1.0
[index=473] title='Office Madness 54' :: budget manquant; year invalide: 1838; budget invalide: -1.0
[index=474] title='Final Mission 7' :: revenue manquant; budget manquant; revenue invalide: -1.0; budget invalide: -1.0
[index=477] title='Cyber Hunt 29' :: revenue manquant; revenue invalide: -1.0
[index=478] title='The Last Hope 71' :: revenue manquant; budget manquant; revenue invalide: -1.0; budget invalide: -1.0
[index=480] title='The Journey Home 96' :: budget manquant; year invalide: 1800; budget invalide: -1.0
[index=481] title='Mars Colony 47' :: revenue manquant; budget manquant; revenue invalide: -1.0; budget invalide: -1.0
[index=482] title='Silent Killer 28' :: budget manquant; genres vide; budget invalide: -1.0
[index=484] title='Night Watch 48' :: budget manquant; budget invalide: -1.0
[index=485] title='Dark Secrets 60' :: budget manquant; budget invalide: -1.0
[index=486] title='Happy Accidents 70' :: budget manquant; budget invalide: -1.0
[index=487] title='Dark Secrets 78' :: budget manquant; budget invalide: -1.0
[index=490] title='The Hunter 54' :: revenue manquant; revenue invalide: -1.0
[index=491] title='' :: title manquant ou vide; title vide
[index=492] title='Mars Colony 47' :: revenue manquant; budget manquant; revenue invalide: -1.0; budget invalide: -1.0
[index=493] title='Future World 82' :: revenue manquant; revenue invalide: -1.0
[index=494] title='Dark Justice 53' :: revenue manquant; revenue invalide: -1.0
[index=495] title='The Last Hope 71' :: revenue manquant; budget manquant; revenue invalide: -1.0; budget invalide: -1.0
[index=496] title='Wedding Disaster 17' :: budget manquant; budget invalide: -1.0
[index=499] title='The Last Hope 96' :: revenue manquant; revenue invalide: -1.0
